<?xml version="1.0" encoding="UTF-8"?>
<testsuite xmlns:xsi="http://www.w3.org/2001/XMLSchema-instance" xsi:noNamespaceSchemaLocation="https://maven.apache.org/surefire/maven-surefire-plugin/xsd/surefire-test-report.xsd" name="src.test.AdderTest" time="0.011" tests="7" errors="0" skipped="0" failures="0">
  <properties>
[...]
</properties>
  <testcase name="testChainAdditionLargeNumbers" classname="src.test.AdderTest" time="0.006"/>
  <testcase name="testChainAdditionWithLeadingZeros" classname="src.test.AdderTest" time="0"/>
  <testcase name="testNoCarryAdditionEdgeCases" classname="src.test.AdderTest" time="0.001"/>
  <testcase name="testChainAdditionNormalCases" classname="src.test.AdderTest" time="0.001"/>
  <testcase name="testChainAdditionMinimalExtension" classname="src.test.AdderTest" time="0"/>
  <testcase name="testChainAdditionNoCarry" classname="src.test.AdderTest" time="0"/>
  <testcase name="testNoCarryAdditionNormalCases" classname="src.test.AdderTest" time="0.001"/>
</testsuite>